<?xml version="1.0" encoding="UTF-8"?>
<coverage generated="1421402043355" clover="3.1.12">
   <project name="Employee Management System 1.0-SNAPSHOT" timestamp="1421402026426">
      <metrics coveredelements="23" complexity="24" loc="233" methods="23" classes="6" statements="33" packages="4" coveredconditionals="0" coveredmethods="10" elements="58" ncloc="178" files="6" conditionals="2" coveredstatements="13"/>
      <package name="com.sample.mvc.service">
         <metrics coveredelements="0" complexity="5" loc="62" methods="5" classes="2" statements="5" coveredconditionals="0" coveredmethods="0" elements="10" ncloc="47" files="2" conditionals="0" coveredstatements="0"/>
         <file path="D:\mvn example\ems_db\src\main\java\com\sample\mvc\service\EmployeeService.java" name="EmployeeService.java">
            <metrics coveredelements="0" coveredconditionals="0" complexity="0" loc="13" coveredmethods="0" methods="0" elements="0" classes="1" ncloc="10" statements="0" conditionals="0" coveredstatements="0"/>
            <class name="EmployeeService">
               <metrics coveredelements="0" coveredconditionals="0" complexity="0" coveredmethods="0" methods="0" elements="0" statements="0" conditionals="0" coveredstatements="0"/>
            </class>
         </file>
         <file path="D:\mvn example\ems_db\src\main\java\com\sample\mvc\service\EmployeeServiceImpl.java" name="EmployeeServiceImpl.java">
            <metrics coveredelements="0" coveredconditionals="0" complexity="5" loc="49" coveredmethods="0" methods="5" elements="10" classes="1" ncloc="37" statements="5" conditionals="0" coveredstatements="0"/>
            <class name="EmployeeServiceImpl">
               <metrics coveredelements="0" coveredconditionals="0" complexity="5" coveredmethods="0" methods="5" elements="10" statements="5" conditionals="0" coveredstatements="0"/>
            </class>
            <line complexity="1" visibility="public" signature="addEmployee(EmployeeCommand) : void" num="18" count="0" type="method"/>
            <line num="21" count="0" type="stmt"/>
            <line complexity="1" visibility="public" signature="deleteEmployee(Integer) : void" num="24" count="0" type="method"/>
            <line num="27" count="0" type="stmt"/>
            <line complexity="1" visibility="public" signature="getEmployeebyId(Integer) : EmployeeCommand" num="30" count="0" type="method"/>
            <line num="33" count="0" type="stmt"/>
            <line complexity="1" visibility="public" signature="listContact() : List&lt;EmployeeCommand&gt;" num="36" count="0" type="method"/>
            <line num="39" count="0" type="stmt"/>
            <line complexity="1" visibility="public" signature="updateEmployee(EmployeeCommand) : void" num="42" count="0" type="method"/>
            <line num="45" count="0" type="stmt"/>
         </file>
      </package>
      <package name="com.sample.mvc.model">
         <metrics coveredelements="14" complexity="7" loc="52" methods="7" classes="1" statements="7" coveredconditionals="0" coveredmethods="7" elements="14" ncloc="37" files="1" conditionals="0" coveredstatements="7"/>
         <file path="D:\mvn example\ems_db\src\main\java\com\sample\mvc\model\EmployeeCommand.java" name="EmployeeCommand.java">
            <metrics coveredelements="14" coveredconditionals="0" complexity="7" loc="52" coveredmethods="7" methods="7" elements="14" classes="1" ncloc="37" statements="7" conditionals="0" coveredstatements="7"/>
            <class name="EmployeeCommand">
               <metrics coveredelements="14" coveredconditionals="0" complexity="7" coveredmethods="7" methods="7" elements="14" statements="7" conditionals="0" coveredstatements="7"/>
            </class>
            <line complexity="1" visibility="public" signature="EmployeeCommand()" num="13" count="5" type="method"/>
            <line num="14" count="5" type="stmt"/>
            <line complexity="1" visibility="public" signature="getName() : String" num="28" count="1" type="method"/>
            <line num="29" count="1" type="stmt"/>
            <line complexity="1" visibility="public" signature="setName(String) : void" num="32" count="5" type="method"/>
            <line num="33" count="5" type="stmt"/>
            <line complexity="1" visibility="public" signature="getCode() : int" num="36" count="1" type="method"/>
            <line num="37" count="1" type="stmt"/>
            <line complexity="1" visibility="public" signature="setCode(int) : void" num="40" count="5" type="method"/>
            <line num="41" count="5" type="stmt"/>
            <line complexity="1" visibility="public" signature="getCity() : String" num="44" count="1" type="method"/>
            <line num="45" count="1" type="stmt"/>
            <line complexity="1" visibility="public" signature="setCity(String) : void" num="48" count="5" type="method"/>
            <line num="49" count="5" type="stmt"/>
         </file>
      </package>
      <package name="com.sample.mvc.dao">
         <metrics coveredelements="0" complexity="6" loc="59" methods="5" classes="2" statements="8" coveredconditionals="0" coveredmethods="0" elements="15" ncloc="43" files="2" conditionals="2" coveredstatements="0"/>
         <file path="D:\mvn example\ems_db\src\main\java\com\sample\mvc\dao\EmployeeDAO.java" name="EmployeeDAO.java">
            <metrics coveredelements="0" coveredconditionals="0" complexity="0" loc="13" coveredmethods="0" methods="0" elements="0" classes="1" ncloc="10" statements="0" conditionals="0" coveredstatements="0"/>
            <class name="EmployeeDAO">
               <metrics coveredelements="0" coveredconditionals="0" complexity="0" coveredmethods="0" methods="0" elements="0" statements="0" conditionals="0" coveredstatements="0"/>
            </class>
         </file>
         <file path="D:\mvn example\ems_db\src\main\java\com\sample\mvc\dao\EmployeeDAOImpl.java" name="EmployeeDAOImpl.java">
            <metrics coveredelements="0" coveredconditionals="0" complexity="6" loc="46" coveredmethods="0" methods="5" elements="15" classes="1" ncloc="33" statements="8" conditionals="2" coveredstatements="0"/>
            <class name="EmployeeDAOImpl">
               <metrics coveredelements="0" coveredconditionals="0" complexity="6" coveredmethods="0" methods="5" elements="15" statements="8" conditionals="2" coveredstatements="0"/>
            </class>
            <line complexity="1" visibility="public" signature="addEmployee(EmployeeCommand) : void" num="15" count="0" type="method"/>
            <line num="17" count="0" type="stmt"/>
            <line complexity="2" visibility="public" signature="deleteEmployee(Integer) : void" num="20" count="0" type="method"/>
            <line num="22" count="0" type="stmt"/>
            <line num="23" count="0" type="stmt"/>
            <line falsecount="0" truecount="0" num="23" type="cond"/>
            <line num="24" count="0" type="stmt"/>
            <line complexity="1" visibility="public" signature="listContact() : List&lt;EmployeeCommand&gt;" num="28" count="0" type="method"/>
            <line num="30" count="0" type="stmt"/>
            <line complexity="1" visibility="public" signature="getEmployeebyId(Integer) : EmployeeCommand" num="33" count="0" type="method"/>
            <line num="35" count="0" type="stmt"/>
            <line num="36" count="0" type="stmt"/>
            <line complexity="1" visibility="public" signature="updateEmployee(EmployeeCommand) : void" num="39" count="0" type="method"/>
            <line num="41" count="0" type="stmt"/>
         </file>
      </package>
      <package name="com.sample.mvc.controller">
         <metrics coveredelements="9" complexity="6" loc="60" methods="6" classes="1" statements="13" coveredconditionals="0" coveredmethods="3" elements="19" ncloc="51" files="1" conditionals="0" coveredstatements="6"/>
         <file path="D:\mvn example\ems_db\src\main\java\com\sample\mvc\controller\EmployeeController.java" name="EmployeeController.java">
            <metrics coveredelements="9" coveredconditionals="0" complexity="6" loc="60" coveredmethods="3" methods="6" elements="19" classes="1" ncloc="51" statements="13" conditionals="0" coveredstatements="6"/>
            <class name="EmployeeController">
               <metrics coveredelements="9" coveredconditionals="0" complexity="6" coveredmethods="3" methods="6" elements="19" statements="13" conditionals="0" coveredstatements="6"/>
            </class>
            <line complexity="1" visibility="public" signature="viewHome() : String" num="21" count="1" type="method"/>
            <line num="23" count="1" type="stmt"/>
            <line complexity="1" visibility="public" signature="listContacts(Map&lt;String, Object&gt;) : String" num="26" count="0" type="method"/>
            <line num="28" count="0" type="stmt"/>
            <line num="29" count="0" type="stmt"/>
            <line num="30" count="0" type="stmt"/>
            <line complexity="1" visibility="public" signature="addEmployee(EmployeeCommand) : ModelAndView" num="33" count="1" type="method"/>
            <line num="36" count="1" type="stmt"/>
            <line num="37" count="1" type="stmt"/>
            <line complexity="1" visibility="public" signature="getEmployeeById(Integer,Model) : String" num="40" count="1" type="method"/>
            <line num="42" count="1" type="stmt"/>
            <line num="43" count="1" type="stmt"/>
            <line num="44" count="1" type="stmt"/>
            <line complexity="1" visibility="public" signature="updateEmployee(EmployeeCommand) : String" num="47" count="0" type="method"/>
            <line num="50" count="0" type="stmt"/>
            <line num="51" count="0" type="stmt"/>
            <line complexity="1" visibility="public" signature="deleteEmplyee(Integer) : String" num="54" count="0" type="method"/>
            <line num="57" count="0" type="stmt"/>
            <line num="58" count="0" type="stmt"/>
         </file>
      </package>
   </project>
   <testproject name="Employee Management System 1.0-SNAPSHOT" timestamp="1421402026426">
      <metrics coveredelements="71" complexity="17" loc="322" methods="17" classes="6" statements="60" packages="4" coveredconditionals="0" coveredmethods="16" elements="77" ncloc="224" files="6" conditionals="0" coveredstatements="55"/>
      <package name="com.sample.mvc.seleniumTests">
         <metrics coveredelements="38" complexity="9" loc="131" methods="9" classes="3" statements="29" coveredconditionals="0" coveredmethods="9" elements="38" ncloc="92" files="3" conditionals="0" coveredstatements="29"/>
         <file path="D:\mvn example\ems_db\src\test\java\com\sample\mvc\seleniumTests\EmployeeAddSeleniumTest.java" name="EmployeeAddSeleniumTest.java">
            <metrics coveredelements="15" coveredconditionals="0" complexity="3" loc="42" coveredmethods="3" methods="3" elements="15" classes="1" ncloc="33" statements="12" conditionals="0" coveredstatements="12"/>
            <class name="EmployeeAddSeleniumTest">
               <metrics coveredelements="15" complexity="3" methods="3" testruns="1" statements="12" coveredconditionals="0" coveredmethods="3" elements="15" testfailures="0" testduration="1.747" conditionals="0" coveredstatements="12" testpasses="1"/>
            </class>
            <line complexity="1" visibility="public" signature="setUp() : void" num="16" count="1" type="method"/>
            <line num="18" count="1" type="stmt"/>
            <line num="19" count="1" type="stmt"/>
            <line num="20" count="1" type="stmt"/>
            <line complexity="1" visibility="public" signature="testCheck() : void" num="23" testsuccess="true" count="1" testduration="1.747" type="method"/>
            <line num="25" count="1" type="stmt"/>
            <line num="26" count="1" type="stmt"/>
            <line num="27" count="1" type="stmt"/>
            <line num="28" count="1" type="stmt"/>
            <line num="29" count="1" type="stmt"/>
            <line num="30" count="1" type="stmt"/>
            <line num="31" count="1" type="stmt"/>
            <line num="32" count="1" type="stmt"/>
            <line complexity="1" visibility="public" signature="tearDown() : void" num="36" count="1" type="method"/>
            <line num="38" count="1" type="stmt"/>
         </file>
         <file path="D:\mvn example\ems_db\src\test\java\com\sample\mvc\seleniumTests\EmployeeDeleteSeleniumTest.java" name="EmployeeDeleteSeleniumTest.java">
            <metrics coveredelements="9" coveredconditionals="0" complexity="3" loc="42" coveredmethods="3" methods="3" elements="9" classes="1" ncloc="27" statements="6" conditionals="0" coveredstatements="6"/>
            <class name="EmployeeDeleteSeleniumTest">
               <metrics coveredelements="9" complexity="3" methods="3" testruns="1" statements="6" coveredconditionals="0" coveredmethods="3" elements="9" testfailures="0" testduration="0.906" conditionals="0" coveredstatements="6" testpasses="1"/>
            </class>
            <line complexity="1" visibility="public" signature="setUp() : void" num="19" count="1" type="method"/>
            <line num="21" count="1" type="stmt"/>
            <line num="22" count="1" type="stmt"/>
            <line num="23" count="1" type="stmt"/>
            <line complexity="1" visibility="public" signature="testEdit() : void" num="26" testsuccess="true" count="1" testduration="0.906" type="method"/>
            <line num="28" count="1" type="stmt"/>
            <line num="30" count="1" type="stmt"/>
            <line complexity="1" visibility="public" signature="tearDown() : void" num="35" count="1" type="method"/>
            <line num="37" count="1" type="stmt"/>
         </file>
         <file path="D:\mvn example\ems_db\src\test\java\com\sample\mvc\seleniumTests\EmployeeEditSeleniumTest.java" name="EmployeeEditSeleniumTest.java">
            <metrics coveredelements="14" coveredconditionals="0" complexity="3" loc="47" coveredmethods="3" methods="3" elements="14" classes="1" ncloc="32" statements="11" conditionals="0" coveredstatements="11"/>
            <class name="EmployeeEditSeleniumTest">
               <metrics coveredelements="14" complexity="3" methods="3" testruns="1" statements="11" coveredconditionals="0" coveredmethods="3" elements="14" testfailures="0" testduration="1.414" conditionals="0" coveredstatements="11" testpasses="1"/>
            </class>
            <line complexity="1" visibility="public" signature="setUp() : void" num="18" count="1" type="method"/>
            <line num="20" count="1" type="stmt"/>
            <line num="21" count="1" type="stmt"/>
            <line num="22" count="1" type="stmt"/>
            <line complexity="1" visibility="public" signature="testEdit() : void" num="25" testsuccess="true" count="1" testduration="1.414" type="method"/>
            <line num="27" count="1" type="stmt"/>
            <line num="29" count="1" type="stmt"/>
            <line num="30" count="1" type="stmt"/>
            <line num="31" count="1" type="stmt"/>
            <line num="32" count="1" type="stmt"/>
            <line num="33" count="1" type="stmt"/>
            <line num="34" count="1" type="stmt"/>
            <line complexity="1" visibility="public" signature="tearDown() : void" num="39" count="1" type="method"/>
            <line num="41" count="1" type="stmt"/>
         </file>
      </package>
      <package name="com.sample.mvc.serviceTest">
         <metrics coveredelements="9" complexity="2" loc="51" methods="2" classes="1" statements="7" coveredconditionals="0" coveredmethods="2" elements="9" ncloc="34" files="1" conditionals="0" coveredstatements="7"/>
         <file path="D:\mvn example\ems_db\src\test\java\com\sample\mvc\serviceTest\EmployeeServiceTest.java" name="EmployeeServiceTest.java">
            <metrics coveredelements="9" coveredconditionals="0" complexity="2" loc="51" coveredmethods="2" methods="2" elements="9" classes="1" ncloc="34" statements="7" conditionals="0" coveredstatements="7"/>
            <class name="EmployeeServiceTest">
               <metrics coveredelements="9" complexity="2" methods="2" testruns="2" statements="7" coveredconditionals="0" coveredmethods="2" elements="9" testfailures="0" testduration="0.03" conditionals="0" coveredstatements="7" testpasses="2"/>
            </class>
            <line complexity="1" visibility="public" signature="setup() : void" num="32" count="2" type="method"/>
            <line num="36" count="2" type="stmt"/>
            <line complexity="1" visibility="public" signature="testGetEmployeeById() : void" num="41" testsuccess="true" count="2" testduration="0.0" type="method"/>
            <line num="43" count="2" type="stmt"/>
            <line num="44" count="2" type="stmt"/>
            <line num="45" count="2" type="stmt"/>
            <line num="46" count="2" type="stmt"/>
            <line num="47" count="2" type="stmt"/>
            <line num="48" count="2" type="stmt"/>
         </file>
      </package>
      <package name="com.sample.mvc.controllerTest">
         <metrics coveredelements="24" complexity="5" loc="115" methods="5" classes="1" statements="19" coveredconditionals="0" coveredmethods="5" elements="24" ncloc="79" files="1" conditionals="0" coveredstatements="19"/>
         <file path="D:\mvn example\ems_db\src\test\java\com\sample\mvc\controllerTest\EmployeeControllerTest.java" name="EmployeeControllerTest.java">
            <metrics coveredelements="24" coveredconditionals="0" complexity="5" loc="115" coveredmethods="5" methods="5" elements="24" classes="1" ncloc="79" statements="19" conditionals="0" coveredstatements="19"/>
            <class name="EmployeeControllerTest">
               <metrics coveredelements="24" complexity="5" methods="5" testruns="4" statements="19" coveredconditionals="0" coveredmethods="5" elements="24" testfailures="0" testduration="0.195" conditionals="0" coveredstatements="19" testpasses="4"/>
            </class>
            <line complexity="1" visibility="public" signature="setup() : void" num="47" count="4" type="method"/>
            <line num="51" count="4" type="stmt"/>
            <line num="54" count="4" type="stmt"/>
            <line complexity="1" visibility="public" signature="testAddEmployee() : void" num="57" testsuccess="true" count="1" testduration="0.034" type="method"/>
            <line num="61" count="1" type="stmt"/>
            <line num="67" count="1" type="stmt"/>
            <line num="68" count="1" type="stmt"/>
            <line complexity="1" visibility="public" signature="findById() : void" num="72" testsuccess="true" count="1" testduration="0.161" type="method"/>
            <line num="76" count="1" type="stmt"/>
            <line num="77" count="1" type="stmt"/>
            <line num="78" count="1" type="stmt"/>
            <line num="79" count="1" type="stmt"/>
            <line num="82" count="1" type="stmt"/>
            <line num="89" count="1" type="stmt"/>
            <line num="90" count="1" type="stmt"/>
            <line complexity="1" visibility="public" signature="testViewHome() : void" num="95" testsuccess="true" count="1" testduration="0.0" type="method"/>
            <line num="99" count="1" type="stmt"/>
            <line complexity="1" visibility="public" signature="testUpdateEmployee() : void" num="103" testsuccess="true" count="1" testduration="0.0" type="method"/>
            <line num="106" count="1" type="stmt"/>
            <line num="107" count="1" type="stmt"/>
            <line num="108" count="1" type="stmt"/>
            <line num="109" count="1" type="stmt"/>
            <line num="110" count="1" type="stmt"/>
            <line num="111" count="1" type="stmt"/>
         </file>
      </package>
      <package name="com.sample.mvc.init">
         <metrics coveredelements="0" complexity="1" loc="25" methods="1" classes="1" statements="5" coveredconditionals="0" coveredmethods="0" elements="6" ncloc="19" files="1" conditionals="0" coveredstatements="0"/>
         <file path="D:\mvn example\ems_db\src\test\java\com\sample\mvc\init\BaseTestConfig.java" name="BaseTestConfig.java">
            <metrics coveredelements="0" coveredconditionals="0" complexity="1" loc="25" coveredmethods="0" methods="1" elements="6" classes="1" ncloc="19" statements="5" conditionals="0" coveredstatements="0"/>
            <class name="BaseTestConfig">
               <metrics coveredelements="0" coveredconditionals="0" complexity="1" coveredmethods="0" methods="1" elements="6" statements="5" conditionals="0" coveredstatements="0"/>
            </class>
            <line complexity="1" visibility="public" signature="setupViewResolver() : UrlBasedViewResolver" num="16" count="0" type="method"/>
            <line num="18" count="0" type="stmt"/>
            <line num="19" count="0" type="stmt"/>
            <line num="20" count="0" type="stmt"/>
            <line num="21" count="0" type="stmt"/>
            <line num="22" count="0" type="stmt"/>
         </file>
      </package>
   </testproject>
</coverage>